<?xml version="1.0" encoding="UTF-8"?>
<!-- Generated by org.testng.reporters.JUnitReportReporter -->
<testsuite skipped="0" hostname="LAPTOP-KMM92F66" name="PageObjectModel.BmiCalculatorTests2" tests="1" failures="0" timestamp="01 Aug 2019 09:09:07 GMT" time="15.620" errors="0">
  <testcase name="testBmiCalculation" time="15.620" classname="PageObjectModel.BmiCalculatorTests2"/>
</testsuite> <!-- PageObjectModel.BmiCalculatorTests2 -->
