<?xml version="1.0" encoding="UTF-8"?>
<!-- Generated by org.testng.reporters.JUnitReportReporter -->
<testsuite skipped="0" hostname="LAPTOP-KMM92F66" name="WorkingwithAlertsFramesandWindows.FramesTest" tests="2" failures="0" timestamp="01 Aug 2019 09:09:07 GMT" time="0.162" errors="0">
  <testcase name="testFrameWithIdOrName" time="0.117" classname="WorkingwithAlertsFramesandWindows.FramesTest"/>
  <testcase name="testFrameByIndex" time="0.045" classname="WorkingwithAlertsFramesandWindows.FramesTest"/>
</testsuite> <!-- WorkingwithAlertsFramesandWindows.FramesTest -->
