<?xml version="1.0" encoding="UTF-8"?>
<!-- Generated by org.testng.reporters.JUnitReportReporter -->
<testsuite skipped="0" hostname="LAPTOP-KMM92F66" name="DataDrivenTesting.TestNGDDT" tests="4" failures="0" timestamp="01 Aug 2019 09:09:07 GMT" time="1.807" errors="0">
  <testcase name="testBMICalculator" time="0.425" classname="DataDrivenTesting.TestNGDDT"/>
  <testcase name="testBMICalculator" time="0.335" classname="DataDrivenTesting.TestNGDDT"/>
  <testcase name="testBMICalculator" time="0.630" classname="DataDrivenTesting.TestNGDDT"/>
  <testcase name="testBMICalculator" time="0.417" classname="DataDrivenTesting.TestNGDDT"/>
</testsuite> <!-- DataDrivenTesting.TestNGDDT -->
