<?xml version="1.0" encoding="UTF-8"?>
<!-- Generated by org.testng.reporters.JUnitReportReporter -->
<testsuite skipped="0" hostname="LAPTOP-KMM92F66" name="GettingStarted.SettingUpChromeDriver" tests="1" failures="0" timestamp="10 Jul 2019 13:38:33 GMT" time="2.369" errors="0">
  <testcase name="settingupwithCromedriver" time="2.369" classname="GettingStarted.SettingUpChromeDriver"/>
</testsuite> <!-- GettingStarted.SettingUpChromeDriver -->
