<?xml version="1.0" encoding="UTF-8"?>
<!-- Generated by org.testng.reporters.JUnitReportReporter -->
<testsuite skipped="0" hostname="LAPTOP-KMM92F66" name="GettingStarted.SettingUpMSEdgeDriver" tests="1" failures="0" timestamp="10 Jul 2019 16:45:22 GMT" time="0.190" errors="0">
  <testcase name="settingupEdgedriver" time="0.190" classname="GettingStarted.SettingUpMSEdgeDriver"/>
</testsuite> <!-- GettingStarted.SettingUpMSEdgeDriver -->
