<?xml version="1.0" encoding="UTF-8"?>
<!-- Generated by org.testng.reporters.JUnitReportReporter -->
<testsuite skipped="0" hostname="LAPTOP-KMM92F66" name="SynchronizingTests.ImplicitlyWaitTest" tests="1" failures="0" timestamp="23 Jul 2019 07:03:15 GMT" time="13.701" errors="0">
  <testcase name="testWithImplicitWait" time="13.701" classname="SynchronizingTests.ImplicitlyWaitTest"/>
</testsuite> <!-- SynchronizingTests.ImplicitlyWaitTest -->
