<?xml version="1.0" encoding="UTF-8"?>
<!-- Generated by org.testng.reporters.JUnitReportReporter -->
<testsuite skipped="0" hostname="LAPTOP-KMM92F66" name="SynchronizingTests.ExplicitWait" tests="1" failures="0" timestamp="23 Jul 2019 07:37:14 GMT" time="2.168" errors="0">
  <testcase name="test01" time="2.168" classname="SynchronizingTests.ExplicitWait"/>
</testsuite> <!-- SynchronizingTests.ExplicitWait -->
