<?xml version="1.0" encoding="UTF-8"?>
<!-- Generated by org.testng.reporters.JUnitReportReporter -->
<testsuite skipped="0" hostname="LAPTOP-KMM92F66" name="WorkingWithSeleniumApi.ScreenShottest" tests="1" failures="0" timestamp="30 Jul 2019 13:41:05 GMT" time="2.929" errors="0">
  <testcase name="testTakesScreenshot" time="2.929" classname="WorkingWithSeleniumApi.ScreenShottest"/>
</testsuite> <!-- WorkingWithSeleniumApi.ScreenShottest -->
