<?xml version="1.0" encoding="UTF-8"?>
<!-- Generated by org.testng.reporters.JUnitReportReporter -->
<testsuite skipped="0" hostname="LAPTOP-KMM92F66" name="FindingElements.FindingElement" tests="1" failures="0" timestamp="10 Jul 2019 17:10:07 GMT" time="16.072" errors="0">
  <testcase name="settingupwithCromedriver" time="16.072" classname="FindingElements.FindingElement"/>
</testsuite> <!-- FindingElements.FindingElement -->
