<?xml version="1.0" encoding="UTF-8"?>
<!-- Generated by org.testng.reporters.JUnitReportReporter -->
<testsuite skipped="0" hostname="LAPTOP-KMM92F66" name="CrossBrowserTesting.BrowserTestonChrome" tests="1" failures="0" timestamp="02 Aug 2019 04:38:10 GMT" time="11.930" errors="0">
  <testcase name="browserstacktest" time="11.930" classname="CrossBrowserTesting.BrowserTestonChrome"/>
</testsuite> <!-- CrossBrowserTesting.BrowserTestonChrome -->
