<?xml version="1.0" encoding="UTF-8"?>
<!-- Generated by org.testng.reporters.JUnitReportReporter -->
<testsuite skipped="0" hostname="LAPTOP-KMM92F66" name="GettingStarted.SettingUpIEDriver" tests="1" failures="0" timestamp="10 Jul 2019 16:40:36 GMT" time="67.973" errors="0">
  <testcase name="settingupwithiedriver" time="67.973" classname="GettingStarted.SettingUpIEDriver"/>
</testsuite> <!-- GettingStarted.SettingUpIEDriver -->
