<?xml version="1.0" encoding="UTF-8"?>
<!-- Generated by org.testng.reporters.JUnitReportReporter -->
<testsuite skipped="0" hostname="LAPTOP-KMM92F66" name="DataDrivenTesting.TestNGDDT" tests="4" failures="0" timestamp="01 Aug 2019 09:00:53 GMT" time="2.665" errors="0">
  <testcase name="testBMICalculator" time="1.175" classname="DataDrivenTesting.TestNGDDT"/>
  <testcase name="testBMICalculator" time="0.539" classname="DataDrivenTesting.TestNGDDT"/>
  <testcase name="testBMICalculator" time="0.515" classname="DataDrivenTesting.TestNGDDT"/>
  <testcase name="testBMICalculator" time="0.436" classname="DataDrivenTesting.TestNGDDT"/>
</testsuite> <!-- DataDrivenTesting.TestNGDDT -->
