<?xml version="1.0" encoding="UTF-8"?>
<!-- Generated by org.testng.reporters.JUnitReportReporter -->
<testsuite skipped="0" hostname="LAPTOP-KMM92F66" name="PageObjectModel.BmiCalculatorTests" tests="1" failures="0" timestamp="01 Aug 2019 08:10:25 GMT" time="0.420" errors="0">
  <testcase name="testBmiCalculation" time="0.420" classname="PageObjectModel.BmiCalculatorTests"/>
</testsuite> <!-- PageObjectModel.BmiCalculatorTests -->
