<?xml version="1.0" encoding="UTF-8"?>
<!-- Generated by org.testng.reporters.JUnitReportReporter -->
<testsuite skipped="0" hostname="LAPTOP-KMM92F66" name="PageObjectModel.BmiCalculatorTests" tests="1" failures="0" timestamp="30 Jul 2019 16:57:11 GMT" time="0.508" errors="0">
  <testcase name="testBmiCalculation" time="0.508" classname="PageObjectModel.BmiCalculatorTests"/>
</testsuite> <!-- PageObjectModel.BmiCalculatorTests -->
