<?xml version="1.0" encoding="UTF-8"?>
<!-- Generated by org.testng.reporters.JUnitReportReporter -->
<testsuite skipped="0" hostname="LAPTOP-KMM92F66" name="PageObjectModel.BmiCalculatorTests2" tests="1" failures="0" timestamp="30 Jul 2019 16:55:26 GMT" time="17.244" errors="0">
  <testcase name="testBmiCalculation" time="17.244" classname="PageObjectModel.BmiCalculatorTests2"/>
</testsuite> <!-- PageObjectModel.BmiCalculatorTests2 -->
