<?xml version="1.0" encoding="UTF-8"?>
<!-- Generated by org.testng.reporters.JUnitReportReporter -->
<testsuite skipped="0" hostname="LAPTOP-KMM92F66" name="DataDrivenTesting.TestNGDDT" tests="4" failures="0" timestamp="30 Jul 2019 16:51:10 GMT" time="2.092" errors="0">
  <testcase name="testBMICalculator" time="0.455" classname="DataDrivenTesting.TestNGDDT"/>
  <testcase name="testBMICalculator" time="0.492" classname="DataDrivenTesting.TestNGDDT"/>
  <testcase name="testBMICalculator" time="0.504" classname="DataDrivenTesting.TestNGDDT"/>
  <testcase name="testBMICalculator" time="0.641" classname="DataDrivenTesting.TestNGDDT"/>
</testsuite> <!-- DataDrivenTesting.TestNGDDT -->
