<?xml version="1.0" encoding="UTF-8"?>
<!-- Generated by org.testng.reporters.JUnitReportReporter -->
<testsuite skipped="0" hostname="LAPTOP-KMM92F66" name="GettingStarted.SettingUpfirefoxDriver" tests="1" failures="0" timestamp="10 Jul 2019 16:42:51 GMT" time="5.220" errors="0">
  <testcase name="settingupFirefoxdriver" time="5.220" classname="GettingStarted.SettingUpfirefoxDriver"/>
</testsuite> <!-- GettingStarted.SettingUpfirefoxDriver -->
