<?xml version="1.0" encoding="UTF-8"?>
<!-- Generated by org.testng.reporters.JUnitReportReporter -->
<testsuite skipped="0" hostname="LAPTOP-KMM92F66" name="WorkingwithAlertsFramesandWindows.AlertsTest" tests="4" failures="0" timestamp="01 Aug 2019 08:10:25 GMT" time="2.831" errors="0">
  <testcase name="testConfirmDismiss" time="0.086" classname="WorkingwithAlertsFramesandWindows.AlertsTest"/>
  <testcase name="testPrompt" time="0.121" classname="WorkingwithAlertsFramesandWindows.AlertsTest"/>
  <testcase name="testConfirmAccept" time="0.308" classname="WorkingwithAlertsFramesandWindows.AlertsTest"/>
  <testcase name="testSimpleAlert" time="2.316" classname="WorkingwithAlertsFramesandWindows.AlertsTest"/>
</testsuite> <!-- WorkingwithAlertsFramesandWindows.AlertsTest -->
