<?xml version="1.0" encoding="UTF-8"?>
<!-- Generated by org.testng.reporters.JUnitReportReporter -->
<testsuite skipped="0" hostname="LAPTOP-KMM92F66" name="WorkingWithSeleniumApi.DragAndDropTest" tests="1" failures="0" timestamp="30 Jul 2019 12:56:47 GMT" time="0.203" errors="0">
  <testcase name="testDragDrop" time="0.203" classname="WorkingWithSeleniumApi.DragAndDropTest"/>
</testsuite> <!-- WorkingWithSeleniumApi.DragAndDropTest -->
