<?xml version="1.0" encoding="UTF-8"?>
<!-- Generated by org.testng.reporters.JUnitReportReporter -->
<testsuite skipped="0" hostname="LAPTOP-KMM92F66" name="SynchronizingTests.ImplicitlyWaitTest" tests="1" failures="0" timestamp="01 Aug 2019 08:10:25 GMT" time="15.177" errors="0">
  <testcase name="testWithImplicitWait" time="15.177" classname="SynchronizingTests.ImplicitlyWaitTest"/>
</testsuite> <!-- SynchronizingTests.ImplicitlyWaitTest -->
