<?xml version="1.0" encoding="UTF-8"?>
<!-- Generated by org.testng.reporters.JUnitReportReporter -->
<testsuite skipped="0" hostname="LAPTOP-KMM92F66" name="WorkingwithAlertsFramesandWindows.AlertsTest" tests="4" failures="0" timestamp="23 Jul 2019 08:17:28 GMT" time="2.569" errors="0">
  <testcase name="testSimpleAlert" time="2.148" classname="WorkingwithAlertsFramesandWindows.AlertsTest"/>
  <testcase name="testConfirmAccept" time="0.167" classname="WorkingwithAlertsFramesandWindows.AlertsTest"/>
  <testcase name="testConfirmDismiss" time="0.127" classname="WorkingwithAlertsFramesandWindows.AlertsTest"/>
  <testcase name="testPrompt" time="0.127" classname="WorkingwithAlertsFramesandWindows.AlertsTest"/>
</testsuite> <!-- WorkingwithAlertsFramesandWindows.AlertsTest -->
