<?xml version="1.0" encoding="UTF-8"?>
<!-- Generated by org.testng.reporters.JUnitReportReporter -->
<testsuite skipped="4" hostname="LAPTOP-QQFR7U9L" name="WorkingwithAlertsFrameandWindows.AlertsTest" tests="4" failures="0" timestamp="20 Aug 2019 07:07:46 GMT" time="0.000" errors="0">
  <testcase name="testPrompt" time="0.000" classname="WorkingwithAlertsFrameandWindows.AlertsTest">
    <skipped/>
  </testcase> <!-- testPrompt -->
  <testcase name="testConfirmAccept" time="0.000" classname="WorkingwithAlertsFrameandWindows.AlertsTest">
    <skipped/>
  </testcase> <!-- testConfirmAccept -->
  <testcase name="testSimpleAlert" time="0.000" classname="WorkingwithAlertsFrameandWindows.AlertsTest">
    <skipped/>
  </testcase> <!-- testSimpleAlert -->
  <testcase name="testConfirmDismiss" time="0.000" classname="WorkingwithAlertsFrameandWindows.AlertsTest">
    <skipped/>
  </testcase> <!-- testConfirmDismiss -->
</testsuite> <!-- WorkingwithAlertsFrameandWindows.AlertsTest -->
