<?xml version="1.0" encoding="UTF-8"?>
<!-- Generated by org.testng.reporters.JUnitReportReporter -->
<testsuite skipped="1" hostname="LAPTOP-QQFR7U9L" name="ExtendingSelenium.WebTableTest" tests="1" failures="0" timestamp="20 Aug 2019 07:07:46 GMT" time="0.000" errors="0">
  <testcase name="testWebTableTest" time="0.000" classname="ExtendingSelenium.WebTableTest">
    <skipped/>
  </testcase> <!-- testWebTableTest -->
</testsuite> <!-- ExtendingSelenium.WebTableTest -->
