<?xml version="1.0" encoding="UTF-8"?>
<!-- Generated by org.testng.reporters.JUnitReportReporter -->
<testsuite skipped="1" hostname="LAPTOP-QQFR7U9L" name="WorkingwithAlertsFrameandWindows.WindowTest" tests="3" failures="0" timestamp="23 Aug 2019 10:52:01 GMT" time="3.064" errors="0">
  <testcase name="testWindowUsingName" time="1.549" classname="WorkingwithAlertsFrameandWindows.WindowTest"/>
  <testcase name="testWindowUsingTitle" time="1.515" classname="WorkingwithAlertsFrameandWindows.WindowTest"/>
  <testcase name="testWindowUsingContents" classname="WorkingwithAlertsFrameandWindows.WindowTest">
    <skipped/>
  </testcase> <!-- testWindowUsingContents -->
</testsuite> <!-- WorkingwithAlertsFrameandWindows.WindowTest -->
