<?xml version="1.0" encoding="UTF-8"?>
<!-- Generated by org.testng.reporters.JUnitReportReporter -->
<testsuite skipped="3" hostname="LAPTOP-QQFR7U9L" name="WorkingwithAlertsFrameandWindows.WindowTest" tests="3" failures="0" timestamp="20 Aug 2019 07:07:46 GMT" time="0.000" errors="0">
  <testcase name="testWindowUsingContents" time="0.000" classname="WorkingwithAlertsFrameandWindows.WindowTest">
    <skipped/>
  </testcase> <!-- testWindowUsingContents -->
  <testcase name="testWindowUsingName" time="0.000" classname="WorkingwithAlertsFrameandWindows.WindowTest">
    <skipped/>
  </testcase> <!-- testWindowUsingName -->
  <testcase name="testWindowUsingTitle" time="0.000" classname="WorkingwithAlertsFrameandWindows.WindowTest">
    <skipped/>
  </testcase> <!-- testWindowUsingTitle -->
</testsuite> <!-- WorkingwithAlertsFrameandWindows.WindowTest -->
