<?xml version="1.0" encoding="UTF-8"?>
<!-- Generated by org.testng.reporters.JUnitReportReporter -->
<testsuite skipped="1" hostname="LAPTOP-QQFR7U9L" name="CrossBrowserTesting.BrowserTestonChrome" tests="1" failures="0" timestamp="20 Aug 2019 07:07:46 GMT" time="0.000" errors="0">
  <testcase name="browserstacktest" time="0.000" classname="CrossBrowserTesting.BrowserTestonChrome">
    <skipped/>
  </testcase> <!-- browserstacktest -->
</testsuite> <!-- CrossBrowserTesting.BrowserTestonChrome -->
