<?xml version="1.0" encoding="UTF-8"?>
<!-- Generated by org.testng.reporters.JUnitReportReporter -->
<testsuite skipped="1" hostname="LAPTOP-QQFR7U9L" name="WorkingwithAlertsFrameandWindows.FramesTest" tests="3" failures="0" timestamp="27 Aug 2019 14:30:51 GMT" time="0.375" errors="0">
  <testcase name="testFrameWithIdOrName" time="0.291" classname="WorkingwithAlertsFrameandWindows.FramesTest"/>
  <testcase name="testFrameByIndex" time="0.084" classname="WorkingwithAlertsFrameandWindows.FramesTest"/>
  <testcase name="testIFrame" classname="WorkingwithAlertsFrameandWindows.FramesTest">
    <skipped/>
  </testcase> <!-- testIFrame -->
</testsuite> <!-- WorkingwithAlertsFrameandWindows.FramesTest -->
