<?xml version="1.0" encoding="UTF-8"?>
<!-- Generated by org.testng.reporters.JUnitReportReporter -->
<testsuite skipped="0" hostname="LAPTOP-QQFR7U9L" name="SeleniumAPI.DragandDrop" tests="1" failures="0" timestamp="27 Aug 2019 13:58:57 GMT" time="1138.758" errors="0">
  <testcase name="testDragDrop" time="1138.758" classname="SeleniumAPI.DragandDrop"/>
</testsuite> <!-- SeleniumAPI.DragandDrop -->
