<?xml version="1.0" encoding="UTF-8"?>
<!-- Generated by org.testng.reporters.JUnitReportReporter -->
<testsuite skipped="1" hostname="LAPTOP-QQFR7U9L" name="HTML5VideoPlayer.HTML5VideoPlayer" tests="1" failures="0" timestamp="20 Aug 2019 07:07:46 GMT" time="0.000" errors="0">
  <testcase name="testHTML5VideoPlayer" time="0.000" classname="HTML5VideoPlayer.HTML5VideoPlayer">
    <skipped/>
  </testcase> <!-- testHTML5VideoPlayer -->
</testsuite> <!-- HTML5VideoPlayer.HTML5VideoPlayer -->
