<?xml version="1.0" encoding="UTF-8"?>
<!-- Generated by org.testng.reporters.JUnitReportReporter -->
<testsuite skipped="0" hostname="LAPTOP-QQFR7U9L" name="GettingStarted.SettingUpFirefox" tests="1" failures="0" timestamp="27 Aug 2019 08:09:45 GMT" time="3.661" errors="0">
  <testcase name="settingupFirefoxdriver" time="3.661" classname="GettingStarted.SettingUpFirefox"/>
</testsuite> <!-- GettingStarted.SettingUpFirefox -->
