<?xml version="1.0" encoding="UTF-8"?>
<!-- Generated by org.testng.reporters.JUnitReportReporter -->
<testsuite skipped="0" hostname="LAPTOP-QQFR7U9L" name="com.pom.practice.firstpom.pages.LoginTest" tests="1" failures="0" timestamp="27 Aug 2019 08:09:44 GMT" time="35.641" errors="0">
  <testcase name="TC_01init" time="35.641" classname="com.pom.practice.firstpom.pages.LoginTest"/>
</testsuite> <!-- com.pom.practice.firstpom.pages.LoginTest -->
