<?xml version="1.0" encoding="UTF-8"?>
<!-- Generated by org.testng.reporters.JUnitReportReporter -->
<testsuite skipped="0" hostname="LAPTOP-QQFR7U9L" name="GettingStarted.SettingUpChromeDriver" tests="1" failures="0" timestamp="27 Aug 2019 13:13:40 GMT" time="2.024" errors="0">
  <testcase name="settingupwithCromedriver" time="2.024" classname="GettingStarted.SettingUpChromeDriver"/>
</testsuite> <!-- GettingStarted.SettingUpChromeDriver -->
