<?xml version="1.0" encoding="UTF-8"?>
<!-- Generated by org.testng.reporters.JUnitReportReporter -->
<testsuite skipped="3" hostname="LAPTOP-QQFR7U9L" name="WorkingwithAlertsFrameandWindows.FramesTest" tests="3" failures="0" timestamp="20 Aug 2019 07:07:46 GMT" time="0.000" errors="0">
  <testcase name="testIFrame" time="0.000" classname="WorkingwithAlertsFrameandWindows.FramesTest">
    <skipped/>
  </testcase> <!-- testIFrame -->
  <testcase name="testFrameWithIdOrName" time="0.000" classname="WorkingwithAlertsFrameandWindows.FramesTest">
    <skipped/>
  </testcase> <!-- testFrameWithIdOrName -->
  <testcase name="testFrameByIndex" time="0.000" classname="WorkingwithAlertsFrameandWindows.FramesTest">
    <skipped/>
  </testcase> <!-- testFrameByIndex -->
</testsuite> <!-- WorkingwithAlertsFrameandWindows.FramesTest -->
