<?xml version="1.0" encoding="UTF-8"?>
<!-- Generated by org.testng.reporters.JUnitReportReporter -->
<testsuite skipped="0" hostname="LAPTOP-QQFR7U9L" name="SeleniumAPI.ScreenShottest" tests="1" failures="0" timestamp="27 Aug 2019 08:09:44 GMT" time="1.269" errors="0">
  <testcase name="testTakesScreenshot" time="1.269" classname="SeleniumAPI.ScreenShottest"/>
</testsuite> <!-- SeleniumAPI.ScreenShottest -->
