<?xml version="1.0" encoding="UTF-8"?>
<!-- Generated by org.testng.reporters.JUnitReportReporter -->
<testsuite skipped="0" hostname="LAPTOP-QQFR7U9L" name="SynchronizingTests.ExplicitWait" tests="1" failures="0" timestamp="27 Aug 2019 08:09:45 GMT" time="7.281" errors="0">
  <testcase name="test01" time="7.281" classname="SynchronizingTests.ExplicitWait"/>
</testsuite> <!-- SynchronizingTests.ExplicitWait -->
