<?xml version="1.0" encoding="UTF-8"?>
<!-- Generated by org.testng.reporters.JUnitReportReporter -->
<testsuite skipped="3" hostname="LAPTOP-QQFR7U9L" name="com.pom.practice.firstpom.pages.ElementExe" tests="3" failures="0" timestamp="20 Aug 2019 07:07:46 GMT" time="0.000" errors="0">
  <testcase name="testElementCss" time="0.000" classname="com.pom.practice.firstpom.pages.ElementExe">
    <skipped/>
  </testcase> <!-- testElementCss -->
  <testcase name="textElementText" time="0.000" classname="com.pom.practice.firstpom.pages.ElementExe">
    <skipped/>
  </testcase> <!-- textElementText -->
  <testcase name="testElementAttribute" time="0.000" classname="com.pom.practice.firstpom.pages.ElementExe">
    <skipped/>
  </testcase> <!-- testElementAttribute -->
</testsuite> <!-- com.pom.practice.firstpom.pages.ElementExe -->
