<?xml version="1.0" encoding="UTF-8"?>
<!-- Generated by org.testng.reporters.JUnitReportReporter -->
<testsuite skipped="2" hostname="LAPTOP-QQFR7U9L" name="com.pom.practice.firstpom.pages.FrameTest" tests="2" failures="0" timestamp="20 Aug 2019 07:07:46 GMT" time="0.000" errors="0">
  <testcase name="testFramewithIDorname" time="0.000" classname="com.pom.practice.firstpom.pages.FrameTest">
    <skipped/>
  </testcase> <!-- testFramewithIDorname -->
  <testcase name="testFrameIndex" time="0.000" classname="com.pom.practice.firstpom.pages.FrameTest">
    <skipped/>
  </testcase> <!-- testFrameIndex -->
</testsuite> <!-- com.pom.practice.firstpom.pages.FrameTest -->
