<?xml version="1.0" encoding="UTF-8"?>
<!-- Generated by org.testng.reporters.JUnitReportReporter -->
<testsuite skipped="0" hostname="LAPTOP-QQFR7U9L" name="SeleniumAPI.WebdriverEvent" tests="1" failures="0" timestamp="27 Aug 2019 14:11:30 GMT" time="8.806" errors="0">
  <testcase name="testEventFiringWebDriver" time="8.806" classname="SeleniumAPI.WebdriverEvent"/>
</testsuite> <!-- SeleniumAPI.WebdriverEvent -->
