<?xml version="1.0" encoding="UTF-8"?>
<!-- Generated by org.testng.reporters.JUnitReportReporter -->
<testsuite skipped="0" hostname="LAPTOP-QQFR7U9L" name="PageObjectModel.BmiCalculatorTests" tests="1" failures="0" timestamp="27 Aug 2019 08:09:45 GMT" time="1.346" errors="0">
  <testcase name="testBmiCalculation" time="1.346" classname="PageObjectModel.BmiCalculatorTests"/>
</testsuite> <!-- PageObjectModel.BmiCalculatorTests -->
