<?xml version="1.0" encoding="UTF-8"?>
<!-- Generated by org.testng.reporters.JUnitReportReporter -->
<testsuite skipped="0" hostname="LAPTOP-QQFR7U9L" name="PageObjectModel.BmiCalculatorTests2" tests="1" failures="0" timestamp="27 Aug 2019 08:09:44 GMT" time="23.777" errors="0">
  <testcase name="testBmiCalculation" time="23.777" classname="PageObjectModel.BmiCalculatorTests2"/>
</testsuite> <!-- PageObjectModel.BmiCalculatorTests2 -->
