<?xml version="1.0" encoding="UTF-8"?>
<!-- Generated by org.testng.reporters.JUnitReportReporter -->
<testsuite skipped="0" hostname="LAPTOP-QQFR7U9L" name="FindingElements.FindElement" tests="1" failures="0" timestamp="27 Aug 2019 13:12:42 GMT" time="8.630" errors="0">
  <testcase name="settingupwithCromedriver" time="8.630" classname="FindingElements.FindElement"/>
</testsuite> <!-- FindingElements.FindElement -->
