<?xml version="1.0" encoding="UTF-8"?>
<!-- Generated by org.testng.reporters.JUnitReportReporter -->
<testsuite skipped="1" hostname="LAPTOP-QQFR7U9L" name="SeleniumAPI.DoubleClickTest" tests="2" failures="0" timestamp="27 Aug 2019 14:06:40 GMT" time="0.241" errors="0">
  <testcase name="doubleClick" time="0.241" classname="SeleniumAPI.DoubleClickTest"/>
  <testcase name="contestmemu" classname="SeleniumAPI.DoubleClickTest">
    <skipped/>
  </testcase> <!-- contestmemu -->
</testsuite> <!-- SeleniumAPI.DoubleClickTest -->
