<?xml version="1.0" encoding="UTF-8"?>
<!-- Generated by org.testng.reporters.JUnitReportReporter -->
<testsuite skipped="1" hostname="LAPTOP-QQFR7U9L" name="ExtendingSelenium.Objectmaptest" tests="1" failures="0" timestamp="20 Aug 2019 07:07:46 GMT" time="0.000" errors="0">
  <testcase name="testBmiCalculator" time="0.000" classname="ExtendingSelenium.Objectmaptest">
    <skipped/>
  </testcase> <!-- testBmiCalculator -->
</testsuite> <!-- ExtendingSelenium.Objectmaptest -->
