<?xml version="1.0" encoding="UTF-8"?>
<!-- Generated by org.testng.reporters.JUnitReportReporter -->
<testsuite skipped="0" hostname="LAPTOP-QQFR7U9L" name="SeleniumAPI.NavigationTest" tests="1" failures="0" timestamp="27 Aug 2019 14:07:39 GMT" time="24.754" errors="0">
  <testcase name="testNavigation" time="24.754" classname="SeleniumAPI.NavigationTest"/>
</testsuite> <!-- SeleniumAPI.NavigationTest -->
