<?xml version="1.0" encoding="UTF-8"?>
<!-- Generated by org.testng.reporters.JUnitReportReporter -->
<testsuite skipped="0" hostname="LAPTOP-QQFR7U9L" name="com.SeleniumCookBook.example.SeleniumPratices.LunchIEBrowser" tests="1" failures="0" timestamp="11 Jul 2019 12:58:04 GMT" time="46.650" errors="0">
  <testcase name="LunuchIEBrowser" time="46.650" classname="com.SeleniumCookBook.example.SeleniumPratices.LunchIEBrowser"/>
</testsuite> <!-- com.SeleniumCookBook.example.SeleniumPratices.LunchIEBrowser -->
