<?xml version="1.0" encoding="UTF-8"?>
<!-- Generated by org.testng.reporters.JUnitReportReporter -->
<testsuite skipped="0" hostname="LAPTOP-QQFR7U9L" name="com.SeleniumCookBook.example.SeleniumPratices.FindingElements" tests="1" failures="0" timestamp="11 Jul 2019 13:23:30 GMT" time="9.455" errors="0">
  <testcase name="Elements" time="9.455" classname="com.SeleniumCookBook.example.SeleniumPratices.FindingElements"/>
</testsuite> <!-- com.SeleniumCookBook.example.SeleniumPratices.FindingElements -->
