<?xml version="1.0" encoding="UTF-8"?>
<!-- Generated by org.testng.reporters.JUnitReportReporter -->
<testsuite skipped="0" hostname="LAPTOP-QQFR7U9L" name="com.SeleniumCookBook.example.SeleniumPratices.FindElement" tests="1" failures="0" timestamp="11 Jul 2019 13:52:51 GMT" time="7.665" errors="0">
  <testcase name="Elements" time="7.665" classname="com.SeleniumCookBook.example.SeleniumPratices.FindElement"/>
</testsuite> <!-- com.SeleniumCookBook.example.SeleniumPratices.FindElement -->
