<?xml version="1.0" encoding="UTF-8"?>
<!-- Generated by org.testng.reporters.JUnitReportReporter -->
<testsuite skipped="0" hostname="LAPTOP-QQFR7U9L" name="com.SeleniumCookBook.example.SeleniumPratices.LunchBrowsers" tests="1" failures="0" timestamp="11 Jul 2019 12:51:28 GMT" time="11.320" errors="0">
  <testcase name="LunchChromeBrowser" time="11.320" classname="com.SeleniumCookBook.example.SeleniumPratices.LunchBrowsers"/>
</testsuite> <!-- com.SeleniumCookBook.example.SeleniumPratices.LunchBrowsers -->
