<?xml version="1.0" encoding="UTF-8"?>
<!-- Generated by org.testng.reporters.JUnitReportReporter -->
<testsuite skipped="0" hostname="LAPTOP-QQFR7U9L" name="com.pom.practice.firstpom.pages.LoginTest" tests="3" failures="0" timestamp="06 Aug 2019 07:27:11 GMT" time="11.404" errors="0">
  <testcase name="TC_01init" time="2.758" classname="com.pom.practice.firstpom.pages.LoginTest"/>
  <testcase name="TC_02into" time="4.596" classname="com.pom.practice.firstpom.pages.LoginTest"/>
  <testcase name="TC_03in" time="4.050" classname="com.pom.practice.firstpom.pages.LoginTest"/>
</testsuite> <!-- com.pom.practice.firstpom.pages.LoginTest -->
